<?xml version="1.0" encoding="UTF-8"?>
<!-- Generated by org.testng.reporters.JUnitReportReporter -->
<testsuite hostname="mtvl15018c9ec" name="com.hellosign.test.BeckendTest" tests="1" failures="0" timestamp="17 Feb 2018 22:36:47 GMT" time="1.007" errors="0">
  <testcase name="getStatusofStockSite" time="1.007" classname="com.hellosign.test.BeckendTest"/>
</testsuite> <!-- com.hellosign.test.BeckendTest -->
