<?xml version="1.0" encoding="UTF-8"?>
<!-- Generated by org.testng.reporters.JUnitReportReporter -->
<testsuite hostname="mtvl15018c9ec" name="com.hellosign.test.UITests" tests="1" failures="0" timestamp="18 Feb 2018 03:32:26 GMT" time="1.120" errors="0">
  <testcase name="searchInElectricGuitarsFromAmazonSearch" time="1.120" classname="com.hellosign.test.UITests"/>
</testsuite> <!-- com.hellosign.test.UITests -->
