<?xml version="1.0" encoding="UTF-8"?>
<!-- Generated by org.testng.reporters.JUnitReportReporter -->
<testsuite hostname="mtvl15018c9ec" name="com.hellosing.test.UITests" tests="1" failures="0" timestamp="17 Feb 2018 21:47:53 GMT" time="7.774" errors="0">
  <testcase name="searchInElectricGuitarsDepartment" time="7.774" classname="com.hellosing.test.UITests"/>
</testsuite> <!-- com.hellosing.test.UITests -->
