<?xml version="1.0" encoding="UTF-8"?>
<!-- Generated by org.testng.reporters.JUnitReportReporter -->
<testsuite hostname="mtvl15018c9ec" name="com.herokuapp.jungle.socks.UITests" tests="1" failures="0" timestamp="17 Feb 2018 21:20:21 GMT" time="7.597" errors="0">
  <testcase name="searchInElectricGuitarsDepartment" time="7.597" classname="com.herokuapp.jungle.socks.UITests"/>
</testsuite> <!-- com.herokuapp.jungle.socks.UITests -->
